<?xml version="1.0" encoding="UTF-8"?>
<!-- Generated by org.testng.reporters.JUnitXMLReporter -->
<testsuite ignored="0" hostname="DESKTOP-U4UFJ9B" failures="0" tests="3" name="Test" time="133.254" errors="0" timestamp="2023-05-26T08:50:04 IST">
  <testcase classname="testScripts.AddToCartTest" name="addToCartTest" time="11.122"/>
  <testcase classname="testScripts.SendContactDetailsTest" name="sendContactDetailsTest" time="10.546"/>
  <testcase classname="testScripts.AddTestingCourseToMyCartTest" name="addPythonToMyCart" time="93.837"/>
</testsuite> <!-- Test -->
