<?xml version="1.0" encoding="UTF-8"?>
<!-- Generated by org.testng.reporters.JUnitXMLReporter -->
<testsuite ignored="0" hostname="DESKTOP-U4UFJ9B" failures="0" tests="3" name="Test" time="80.261" errors="0" timestamp="2023-05-26T10:12:36 IST">
  <testcase classname="testScripts.AddToCartTest" name="addToCartTest" time="8.433"/>
  <testcase classname="testScripts.SendContactDetailsTest" name="sendContactDetailsTest" time="11.673"/>
  <testcase classname="testScripts.AddTestingCourseToMyCartTest" name="addPythonToMyCart" time="34.541"/>
</testsuite> <!-- Test -->
